# JRE version: OpenJDK Runtime Environment Temurin-21.0.3+9 (21.0.3+9) (build 21.0.3+9-LTS)
# Java VM: OpenJDK 64-Bit Server VM Temurin-21.0.3+9 (21.0.3+9-LTS, mixed mode, emulated-client, sharing, tiered, compressed oops, compressed class ptrs, g1 gc, windows-amd64)
GC Precious Log:
 CardTable entry size: 512
 Card Set container configuration: InlinePtr #cards 4 size 8 Array Of Cards #cards 16 size 48 Howl #buckets 8 coarsen threshold 3686 Howl Bitmap #cards 512 size 80 coarsen threshold 460 Card regions per heap region 1 cards per card region 4096
 CPUs: 4 total, 4 available
 Memory: 16238M
 Large Page Support: Disabled
 NUMA Support: Disabled
 Compressed Oops: Enabled (Zero based)
 Heap Region Size: 2M
 Heap Min Capacity: 8M
 Heap Initial Capacity: 254M
 Heap Max Capacity: 4060M
 Pre-touch: Disabled
 Parallel Workers: 4
 Concurrent Workers: 1
 Concurrent Refinement Workers: 4
 Periodic GC: Disabled
Heap:
 garbage-first heap   total 96256K, used 81077K [0x0000000702400000, 0x0000000800000000)
  region size 2048K, 29 young (59392K), 3 survivors (6144K)
 Metaspace       used 74941K, committed 75648K, reserved 1114112K
  class space    used 10363K, committed 10752K, reserved 1048576K
GC Heap History (20 events):
Event: 6.784 GC heap after
{Heap after GC invocations=18 (full 0):
 garbage-first heap   total 102400K, used 26431K [0x0000000702400000, 0x0000000800000000)
  region size 2048K, 2 young (4096K), 2 survivors (4096K)
 Metaspace       used 59367K, committed 60032K, reserved 1114112K
  class space    used 8206K, committed 8512K, reserved 1048576K
}
Event: 6.819 GC heap before
{Heap before GC invocations=18 (full 0):
 garbage-first heap   total 102400K, used 30527K [0x0000000702400000, 0x0000000800000000)
  region size 2048K, 5 young (10240K), 2 survivors (4096K)
 Metaspace       used 59961K, committed 60608K, reserved 1114112K
  class space    used 8285K, committed 8576K, reserved 1048576K
}
Event: 6.823 GC heap after
{Heap after GC invocations=19 (full 0):
 garbage-first heap   total 102400K, used 26598K [0x0000000702400000, 0x0000000800000000)
  region size 2048K, 2 young (4096K), 2 survivors (4096K)
 Metaspace       used 59961K, committed 60608K, reserved 1114112K
  class space    used 8285K, committed 8576K, reserved 1048576K
}
Event: 7.632 GC heap before
{Heap before GC invocations=20 (full 0):
 garbage-first heap   total 102400K, used 83942K [0x0000000702400000, 0x0000000800000000)
  region size 2048K, 30 young (61440K), 2 survivors (4096K)
 Metaspace       used 65066K, committed 65792K, reserved 1114112K
  class space    used 9024K, committed 9344K, reserved 1048576K
}
Event: 7.638 GC heap after
{Heap after GC invocations=21 (full 0):
 garbage-first heap   total 102400K, used 29105K [0x0000000702400000, 0x0000000800000000)
  region size 2048K, 3 young (6144K), 3 survivors (6144K)
 Metaspace       used 65066K, committed 65792K, reserved 1114112K
  class space    used 9024K, committed 9344K, reserved 1048576K
}
Event: 8.317 GC heap before
{Heap before GC invocations=21 (full 0):
 garbage-first heap   total 102400K, used 84401K [0x0000000702400000, 0x0000000800000000)
  region size 2048K, 30 young (61440K), 3 survivors (6144K)
 Metaspace       used 68889K, committed 69632K, reserved 1114112K
  class space    used 9599K, committed 9920K, reserved 1048576K
}
Event: 8.330 GC heap after
{Heap after GC invocations=22 (full 0):
 garbage-first heap   total 102400K, used 32589K [0x0000000702400000, 0x0000000800000000)
  region size 2048K, 4 young (8192K), 4 survivors (8192K)
 Metaspace       used 68889K, committed 69632K, reserved 1114112K
  class space    used 9599K, committed 9920K, reserved 1048576K
}
Event: 213.723 GC heap before
{Heap before GC invocations=22 (full 0):
 garbage-first heap   total 102400K, used 83789K [0x0000000702400000, 0x0000000800000000)
  region size 2048K, 30 young (61440K), 4 survivors (8192K)
 Metaspace       used 73447K, committed 74240K, reserved 1114112K
  class space    used 10214K, committed 10560K, reserved 1048576K
}
Event: 213.734 GC heap after
{Heap after GC invocations=23 (full 0):
 garbage-first heap   total 102400K, used 34376K [0x0000000702400000, 0x0000000800000000)
  region size 2048K, 3 young (6144K), 3 survivors (6144K)
 Metaspace       used 73447K, committed 74240K, reserved 1114112K
  class space    used 10214K, committed 10560K, reserved 1048576K
}
Event: 1512.639 GC heap before
{Heap before GC invocations=23 (full 0):
 garbage-first heap   total 102400K, used 65096K [0x0000000702400000, 0x0000000800000000)
  region size 2048K, 20 young (40960K), 3 survivors (6144K)
 Metaspace       used 74659K, committed 75456K, reserved 1114112K
  class space    used 10373K, committed 10752K, reserved 1048576K
}
Event: 1512.688 GC heap after
{Heap after GC invocations=24 (full 1):
 garbage-first heap   total 96256K, used 25920K [0x0000000702400000, 0x0000000800000000)
  region size 2048K, 0 young (0K), 0 survivors (0K)
 Metaspace       used 74280K, committed 75456K, reserved 1114112K
  class space    used 10276K, committed 10752K, reserved 1048576K
}
Event: 1515.679 GC heap before
{Heap before GC invocations=24 (full 1):
 garbage-first heap   total 96256K, used 81216K [0x0000000702400000, 0x0000000800000000)
  region size 2048K, 28 young (57344K), 0 survivors (0K)
 Metaspace       used 74624K, committed 75520K, reserved 1114112K
  class space    used 10333K, committed 10752K, reserved 1048576K
}
Event: 1515.687 GC heap after
{Heap after GC invocations=25 (full 1):
 garbage-first heap   total 96256K, used 32915K [0x0000000702400000, 0x0000000800000000)
  region size 2048K, 4 young (8192K), 4 survivors (8192K)
 Metaspace       used 74624K, committed 75520K, reserved 1114112K
  class space    used 10333K, committed 10752K, reserved 1048576K
}
Event: 1568.537 GC heap before
{Heap before GC invocations=25 (full 1):
 garbage-first heap   total 96256K, used 51347K [0x0000000702400000, 0x0000000800000000)
  region size 2048K, 14 young (28672K), 4 survivors (8192K)
 Metaspace       used 74737K, committed 75520K, reserved 1114112K
  class space    used 10355K, committed 10752K, reserved 1048576K
}
Event: 1568.588 GC heap after
{Heap after GC invocations=26 (full 2):
 garbage-first heap   total 96256K, used 27420K [0x0000000702400000, 0x0000000800000000)
  region size 2048K, 0 young (0K), 0 survivors (0K)
 Metaspace       used 74616K, committed 75520K, reserved 1114112K
  class space    used 10323K, committed 10752K, reserved 1048576K
}
Event: 1569.882 GC heap before
{Heap before GC invocations=26 (full 2):
 garbage-first heap   total 96256K, used 80668K [0x0000000702400000, 0x0000000800000000)
  region size 2048K, 26 young (53248K), 0 survivors (0K)
 Metaspace       used 74843K, committed 75584K, reserved 1114112K
  class space    used 10349K, committed 10752K, reserved 1048576K
}
Event: 1569.887 GC heap after
{Heap after GC invocations=27 (full 2):
 garbage-first heap   total 96256K, used 32422K [0x0000000702400000, 0x0000000800000000)
  region size 2048K, 3 young (6144K), 3 survivors (6144K)
 Metaspace       used 74843K, committed 75584K, reserved 1114112K
  class space    used 10349K, committed 10752K, reserved 1048576K
}
Event: 1702.413 GC heap before
{Heap before GC invocations=27 (full 2):
 garbage-first heap   total 96256K, used 50854K [0x0000000702400000, 0x0000000800000000)
  region size 2048K, 13 young (26624K), 3 survivors (6144K)
 Metaspace       used 74864K, committed 75584K, reserved 1114112K
  class space    used 10351K, committed 10752K, reserved 1048576K
}
Event: 1702.469 GC heap after
{Heap after GC invocations=28 (full 3):
 garbage-first heap   total 96256K, used 27829K [0x0000000702400000, 0x0000000800000000)
  region size 2048K, 0 young (0K), 0 survivors (0K)
 Metaspace       used 74861K, committed 75584K, reserved 1114112K
  class space    used 10350K, committed 10752K, reserved 1048576K
}
Event: 3542.134 GC heap before
{Heap before GC invocations=28 (full 3):
 garbage-first heap   total 96256K, used 79029K [0x0000000702400000, 0x0000000800000000)
  region size 2048K, 26 young (53248K), 0 survivors (0K)
 Metaspace       used 74941K, committed 75648K, reserved 1114112K
  class space    used 10363K, committed 10752K, reserved 1048576K
}

